*** Starting uWSGI 2.0.15 (64bit) on [Sat Oct 21 16:31:32 2017] ***
compiled with version: 5.4.0 20160609 on 19 July 2017 21:31:50
os: Linux-4.4.0-82-generic #105-Ubuntu SMP Tue Jun 20 15:23:02 UTC 2017
nodename: iZ2zegis1iqwk7ddw7voqtZ
machine: x86_64
clock source: unix
detected number of CPU cores: 1
current working directory: /home/yym/workspace/iHealth_site
detected binary path: /usr/local/bin/uwsgi
!!! no internal routing support, rebuild with pcre support !!!
chdir() to /home/yym/workspace/iHealth_site
your processes number limit is 7857
your memory page size is 4096 bytes
detected max file descriptor number: 65535
lock engine: pthread robust mutexes
thunder lock: disabled (you can enable it with --thunder-lock)
uwsgi socket 0 bound to TCP address :8002 fd 3
Python version: 2.7.12 (default, Nov 19 2016, 06:48:10)  [GCC 5.4.0 20160609]
*** Python threads support is disabled. You can enable it with --enable-threads ***
Python main interpreter initialized at 0x18b3d10
your server socket listen backlog is limited to 100 connections
your mercy for graceful operations on workers is 60 seconds
mapped 507160 bytes (495 KB) for 4 cores
*** Operational MODE: preforking ***
WSGI app 0 (mountpoint='') ready in 1 seconds on interpreter 0x18b3d10 pid: 14346 (default app)
*** uWSGI is running in multiple interpreter mode ***
spawned uWSGI master process (pid: 14346)
spawned uWSGI worker 1 (pid: 14349, cores: 1)
spawned uWSGI worker 2 (pid: 14350, cores: 1)
spawned uWSGI worker 3 (pid: 14351, cores: 1)
spawned uWSGI worker 4 (pid: 14352, cores: 1)
Sat Oct 21 08:31:33 2017 - mem-collector thread started for worker 2
Sat Oct 21 08:31:33 2017 - mem-collector thread started for worker 3
Sat Oct 21 08:31:33 2017 - mem-collector thread started for worker 4
Sat Oct 21 08:31:33 2017 - mem-collector thread started for worker 1
[pid: 14349|app: 0|req: 1/1] 222.66.117.24 () {42 vars in 999 bytes} [Sat Oct 21 08:35:45 2017] GET /api/v1/hello => generated 86774 bytes in 236 msecs (HTTP/1.1 500) 2 headers in 92 bytes (1 switches on core 0)
[pid: 14349|app: 0|req: 2/2] 222.66.117.24 () {42 vars in 945 bytes} [Sat Oct 21 08:36:32 2017] GET /api/v1/hello => generated 86278 bytes in 116 msecs (HTTP/1.1 500) 2 headers in 92 bytes (1 switches on core 0)
[pid: 14349|app: 0|req: 3/3] 222.66.117.24 () {42 vars in 945 bytes} [Sat Oct 21 08:37:39 2017] GET /api/v1/hello => generated 86278 bytes in 103 msecs (HTTP/1.1 500) 2 headers in 92 bytes (1 switches on core 0)
[pid: 14349|app: 0|req: 4/4] 222.66.117.24 () {44 vars in 976 bytes} [Sat Oct 21 08:37:58 2017] GET /api/v1/hello => generated 0 bytes in 3 msecs (HTTP/1.1 301) 3 headers in 160 bytes (1 switches on core 0)
[pid: 14351|app: 0|req: 1/5] 222.66.117.24 () {44 vars in 978 bytes} [Sat Oct 21 08:37:58 2017] GET /api/v1/hello/ => generated 30 bytes in 13 msecs (HTTP/1.1 200) 2 headers in 88 bytes (1 switches on core 0)
Sat Oct 21 08:38:07 2017 - uWSGI worker 1 screams: UAAAAAAH my master disconnected: i will kill myself !!!
Sat Oct 21 08:38:07 2017 - uWSGI worker 3 screams: UAAAAAAH my master disconnected: i will kill myself !!!
Sat Oct 21 08:38:07 2017 - uWSGI worker 4 screams: UAAAAAAH my master disconnected: i will kill myself !!!
Sat Oct 21 08:38:07 2017 - uWSGI worker 2 screams: UAAAAAAH my master disconnected: i will kill myself !!!
*** Starting uWSGI 2.0.15 (64bit) on [Sat Oct 21 16:38:09 2017] ***
compiled with version: 5.4.0 20160609 on 19 July 2017 21:31:50
os: Linux-4.4.0-82-generic #105-Ubuntu SMP Tue Jun 20 15:23:02 UTC 2017
nodename: iZ2zegis1iqwk7ddw7voqtZ
machine: x86_64
clock source: unix
detected number of CPU cores: 1
current working directory: /home/yym/workspace/iHealth_site
detected binary path: /usr/local/bin/uwsgi
!!! no internal routing support, rebuild with pcre support !!!
chdir() to /home/yym/workspace/iHealth_site
your processes number limit is 7857
your memory page size is 4096 bytes
detected max file descriptor number: 65535
lock engine: pthread robust mutexes
thunder lock: disabled (you can enable it with --thunder-lock)
uwsgi socket 0 bound to TCP address :8002 fd 3
Python version: 2.7.12 (default, Nov 19 2016, 06:48:10)  [GCC 5.4.0 20160609]
*** Python threads support is disabled. You can enable it with --enable-threads ***
Python main interpreter initialized at 0x920d10
your server socket listen backlog is limited to 100 connections
your mercy for graceful operations on workers is 60 seconds
mapped 507160 bytes (495 KB) for 4 cores
*** Operational MODE: preforking ***
WSGI app 0 (mountpoint='') ready in 0 seconds on interpreter 0x920d10 pid: 14750 (default app)
*** uWSGI is running in multiple interpreter mode ***
spawned uWSGI master process (pid: 14750)
spawned uWSGI worker 1 (pid: 14753, cores: 1)
spawned uWSGI worker 2 (pid: 14754, cores: 1)
spawned uWSGI worker 3 (pid: 14755, cores: 1)
spawned uWSGI worker 4 (pid: 14756, cores: 1)
Sat Oct 21 08:38:09 2017 - mem-collector thread started for worker 3
Sat Oct 21 08:38:09 2017 - mem-collector thread started for worker 2
Sat Oct 21 08:38:09 2017 - mem-collector thread started for worker 4
Sat Oct 21 08:38:09 2017 - mem-collector thread started for worker 1
[pid: 14755|app: 0|req: 1/1] 222.66.117.24 () {44 vars in 978 bytes} [Sat Oct 21 08:38:10 2017] GET /api/v1/hello/ => generated 30 bytes in 14 msecs (HTTP/1.1 200) 2 headers in 88 bytes (1 switches on core 0)
[pid: 14755|app: 0|req: 2/2] 222.66.117.24 () {42 vars in 938 bytes} [Sat Oct 21 08:42:29 2017] GET /v1/hello/ => generated 2074 bytes in 5 msecs (HTTP/1.1 404) 2 headers in 80 bytes (1 switches on core 0)
